10:37:02 **** Incremental Build of configuration Debug for project TP_capteur_cottu_jaimes ****
make -j8 all 
arm-none-eabi-gcc "../Core/Src/main.c" -mcpu=cortex-m4 -std=gnu11 -g3 -DDEBUG -DUSE_HAL_DRIVER -DSTM32F446xx -c -I../Core/Inc -I../Drivers/STM32F4xx_HAL_Driver/Inc -I../Drivers/STM32F4xx_HAL_Driver/Inc/Legacy -I../Drivers/CMSIS/Device/ST/STM32F4xx/Include -I../Drivers/CMSIS/Include -O0 -ffunction-sections -fdata-sections -Wall -fstack-usage -MMD -MP -MF"Core/Src/main.d" -MT"Core/Src/main.o" --specs=nano.specs -mfpu=fpv4-sp-d16 -mfloat-abi=hard -mthumb -o "Core/Src/main.o"
../Core/Src/main.c: In function 'main':
../Core/Src/main.c:36:26: warning: unsigned conversion from 'int' to 'uint16_t' {aka 'short unsigned int'} changes value from '11101110' to '25526' [-Woverflow]
   36 | #define BMP280_ADD_Write 11101110   // write request
      |                          ^~~~~~~~
../Core/Src/main.c:111:34: note: in expansion of macro 'BMP280_ADD_Write'
  111 |  HAL_I2C_Master_Transmit(&hi2c1, BMP280_ADD_Write,Tx_Buffer,sizeof(uint8_t),HAL_MAX_DELAY);
      |                                  ^~~~~~~~~~~~~~~~
../Core/Src/main.c:111:51: warning: passing argument 3 of 'HAL_I2C_Master_Transmit' makes pointer from integer without a cast [-Wint-conversion]
  111 |  HAL_I2C_Master_Transmit(&hi2c1, BMP280_ADD_Write,Tx_Buffer,sizeof(uint8_t),HAL_MAX_DELAY);
      |                                                   ^~~~~~~~~
      |                                                   |
      |                                                   uint8_t {aka unsigned char}
In file included from ../Core/Inc/stm32f4xx_hal_conf.h:359,
                 from ../Drivers/STM32F4xx_HAL_Driver/Inc/stm32f4xx_hal.h:29,
                 from ../Core/Inc/main.h:30,
                 from ../Core/Src/main.c:20:
../Drivers/STM32F4xx_HAL_Driver/Inc/stm32f4xx_hal_i2c.h:566:98: note: expected 'uint8_t *' {aka 'unsigned char *'} but argument is of type 'uint8_t' {aka 'unsigned char'}
  566 | HAL_StatusTypeDef HAL_I2C_Master_Transmit(I2C_HandleTypeDef *hi2c, uint16_t DevAddress, uint8_t *pData, uint16_t Size, uint32_t Timeout);
      |                                                                                         ~~~~~~~~~^~~~~
../Core/Src/main.c:35:25: warning: unsigned conversion from 'int' to 'uint16_t' {aka 'short unsigned int'} changes value from '11101111' to '25527' [-Woverflow]
   35 | #define BMP280_ADD_Read 11101111   // read request
      |                         ^~~~~~~~
../Core/Src/main.c:113:33: note: in expansion of macro 'BMP280_ADD_Read'
  113 |  HAL_I2C_Master_Receive(&hi2c1, BMP280_ADD_Read,Rx_buffer,sizeof(uint8_t),HAL_MAX_DELAY);
      |                                 ^~~~~~~~~~~~~~~
../Core/Src/main.c:113:49: warning: passing argument 3 of 'HAL_I2C_Master_Receive' makes pointer from integer without a cast [-Wint-conversion]
  113 |  HAL_I2C_Master_Receive(&hi2c1, BMP280_ADD_Read,Rx_buffer,sizeof(uint8_t),HAL_MAX_DELAY);
      |                                                 ^~~~~~~~~
      |                                                 |
      |                                                 uint8_t {aka unsigned char}
In file included from ../Core/Inc/stm32f4xx_hal_conf.h:359,
                 from ../Drivers/STM32F4xx_HAL_Driver/Inc/stm32f4xx_hal.h:29,
                 from ../Core/Inc/main.h:30,
                 from ../Core/Src/main.c:20:
../Drivers/STM32F4xx_HAL_Driver/Inc/stm32f4xx_hal_i2c.h:567:97: note: expected 'uint8_t *' {aka 'unsigned char *'} but argument is of type 'uint8_t' {aka 'unsigned char'}
  567 | HAL_StatusTypeDef HAL_I2C_Master_Receive(I2C_HandleTypeDef *hi2c, uint16_t DevAddress, uint8_t *pData, uint16_t Size, uint32_t Timeout);
      |                                                                                        ~~~~~~~~~^~~~~
arm-none-eabi-gcc -o "TP_capteur_cottu_jaimes.elf" @"objects.list"   -mcpu=cortex-m4 -T"C:\Users\bapti\Documents\GitHub\TP_capteur_cottu_jaimes\TP_capteur_cottu_jaimes\STM32F446RETX_FLASH.ld" --specs=nosys.specs -Wl,-Map="TP_capteur_cottu_jaimes.map" -Wl,--gc-sections -static --specs=nano.specs -mfpu=fpv4-sp-d16 -mfloat-abi=hard -mthumb -Wl,--start-group -lc -lm -Wl,--end-group
Finished building target: TP_capteur_cottu_jaimes.elf
 
arm-none-eabi-size   TP_capteur_cottu_jaimes.elf 
arm-none-eabi-objdump -h -S  TP_capteur_cottu_jaimes.elf  > "TP_capteur_cottu_jaimes.list"
   text	   data	    bss	    dec	    hex	filename
  18540	    120	   1856	  20516	   5024	TP_capteur_cottu_jaimes.elf
Finished building: default.size.stdout
 
Finished building: TP_capteur_cottu_jaimes.list
 
10:37:06 **** Incremental Build of configuration Debug for project TP_capteur_cottu_jaimes ****
make -j8 all 
arm-none-eabi-size   TP_capteur_cottu_jaimes.elf 
   text	   data	    bss	    dec	    hex	filename
  18540	    120	   1856	  20516	   5024	TP_capteur_cottu_jaimes.elf
Finished building: default.size.stdout
 
